<!DOCTYPE html PUBLIC "-//W3C//DTD XHTML 1.1//EN" "https://www.w3.org/TR/xhtml11/DTD/xhtml11.dtd">
<html xmlns="https://www.w3.org/1999/xhtml">
<head>
<meta charset='utf-8'>
<title>TestNG Report</title>
<style type="text/css">
table {margin-bottom:10px;border-collapse:collapse;empty-cells:show}
td,th {border:1px solid #009;padding:.25em .5em}
.result th {vertical-align:bottom}
.param th {padding-left:1em;padding-right:1em}
.param td {padding-left:.5em;padding-right:2em}
.stripe td,.stripe th {background-color: #E6EBF9}
.numi,.numi_attn {text-align:right}
.total td {font-weight:bold}
.passedodd td {background-color: #0A0}
.passedeven td {background-color: #3F3}
.skippedodd td {background-color: #CCC}
.skippedodd td {background-color: #DDD}
.failedodd td,.numi_attn {background-color: #F33}
.failedeven td,.stripe .numi_attn {background-color: #D00}
.stacktrace {white-space:pre;font-family:monospace}
.totop {font-size:85%;text-align:center;border-bottom:2px solid #000}
</style>
</head>
<body>
<table cellspacing="0" cellpadding="0" class="testOverview">
<tr><th>Test</th><th>Methods<br/>Passed</th><th>Scenarios<br/>Passed</th><th># skipped</th><th># failed</th><th>Total<br/>Time</th><th>Included<br/>Groups</th><th>Excluded<br/>Groups</th></tr>
<tr><td style="text-align:left;padding-right:2em"><a href="#t1">UI Regression</a></td><td class="numi">7</td><td class="numi">5</td><td class="numi">0</td><td class="numi_attn">4</td><td class="numi">94.7 seconds</td><td class="numi"></td><td class="numi"></td></tr>
</table>
<table cellspacing="0" cellpadding="0" class="methodOverview" id="summary">
<tr><th>Class</th><th>Method</th><th># of<br/>Scenarios</th><th>Start</th><th>Time<br/>(ms)</th></tr>
<tr id="t1"><th colspan="5">UI Regression &#8212; failed</th></tr>
<tr class="failedodd"><td rowspan="4">selenium.com.luma.tests.LumaTests</td><td><a href="#m1"><b>luma_tc_02</b>  </a></td><td class="numi">2</td><td>1713314175062</td><td class="numi">36866</td></tr><tr class="failedodd"><td><a href="#m2"><b>luma_tc_02</b>  </a></td><td class="numi">2</td><td>1713314175062</td><td class="numi">36866</td></tr><tr class="failedodd"><td><a href="#m3"><b>luma_tc_02</b>  </a></td><td class="numi">2</td><td>1713314175062</td><td class="numi">36866</td></tr><tr class="failedodd"><td><a href="#m4"><b>luma_tc_02</b>  </a></td><td class="numi">2</td><td>1713314175062</td><td class="numi">36866</td></tr>
<tr><th colspan="5">UI Regression &#8212; passed</th></tr>
<tr class="passedodd"><td>selenium.com.luma.tests.LumaTests</td><td><a href="#m5"><b>luma_tc_02</b>  </a></td><td class="numi">2</td><td>1713314151639</td><td class="numi">17291</td></tr>
<tr class="passedeven"><td>selenium.com.automation_exercise.tests.AutomationTests</td><td><a href="#m6"><b>AT_TC_02</b>  </a></td><td class="numi">1</td><td>1713314131581</td><td class="numi">6383</td></tr>
<tr class="passedodd"><td>selenium.com.sauce_labs.tests.SauceLabTests</td><td><a href="#m7"><b>sauceLasDropdowns</b>  </a></td><td class="numi">1</td><td>1713314218206</td><td class="numi">905</td></tr>
<tr class="passedeven"><td rowspan="3">selenium.com.luma.tests.LumaTests</td><td><a href="#m8"><b>luma_tc_02</b>  </a></td><td class="numi">2</td><td>1713314151639</td><td class="numi">17291</td></tr><tr class="passedeven"><td><a href="#m9"><b>luma_tc_02</b>  </a></td><td class="numi">2</td><td>1713314151639</td><td class="numi">17291</td></tr><tr class="passedeven"><td><a href="#m10"><b>luma_tc_02</b>  </a></td><td class="numi">2</td><td>1713314151639</td><td class="numi">17291</td></tr>
<tr class="passedodd"><td>selenium.com.lambda.tests.LambdaScripts</td><td><a href="#m11"><b>LB_TC_01</b>  </a></td><td class="numi">1</td><td>1713314144336</td><td class="numi">1254</td></tr>
</table>
<h1>UI Regression</h1>
<h2 id="m1">selenium.com.luma.tests.LumaTests:luma_tc_02</h2>
<table cellspacing="0" cellpadding="0" class="result">
<tr class="param"><th>Parameter #1</th><th>Parameter #2</th></tr>
<tr class="param stripe"><td>adsa@test.com</td>
<td> </td>
</tr>
<tr><td colspan="2">
<div class="stacktrace">org.openqa.selenium.NoSuchElementException: no such element: Unable to locate element: {&quot;method&quot;:&quot;xpath&quot;,&quot;selector&quot;:&quot;//div[@data-ui-id=&apos;message-error&apos;]&quot;}
  (Session info: chrome=123.0.6312.124)
For documentation on this error, please visit: https://www.selenium.dev/documentation/webdriver/troubleshooting/errors#no-such-element-exception
Build info: version: &apos;4.16.1&apos;, revision: &apos;9b4c83354e&apos;
System info: os.name: &apos;Mac OS X&apos;, os.arch: &apos;x86_64&apos;, os.version: &apos;14.3&apos;, java.version: &apos;11.0.15&apos;
Driver info: org.openqa.selenium.chrome.ChromeDriver
Command: [7538966e1dd11f8c1292ca68d5947373, findElement {using=xpath, value=//div[@data-ui-id=&apos;message-error&apos;]}]
Capabilities {acceptInsecureCerts: false, browserName: chrome, browserVersion: 123.0.6312.124, chrome: {chromedriverVersion: 123.0.6312.122 (31f8248cdd9..., userDataDir: /var/folders/g_/0hyc3stx6kv...}, fedcm:accounts: true, goog:chromeOptions: {debuggerAddress: localhost:52376}, networkConnectionEnabled: false, pageLoadStrategy: normal, platformName: mac, proxy: Proxy(), se:cdp: ws://localhost:52376/devtoo..., se:cdpVersion: 123.0.6312.124, setWindowRect: true, strictFileInteractability: false, timeouts: {implicit: 0, pageLoad: 300000, script: 30000}, unhandledPromptBehavior: dismiss and notify, webauthn:extension:credBlob: true, webauthn:extension:largeBlob: true, webauthn:extension:minPinLength: true, webauthn:extension:prf: true, webauthn:virtualAuthenticators: true}
Session ID: 7538966e1dd11f8c1292ca68d5947373
	at org.openqa.selenium.remote.codec.w3c.W3CHttpResponseCodec.createException(W3CHttpResponseCodec.java:200)
	at org.openqa.selenium.remote.codec.w3c.W3CHttpResponseCodec.decode(W3CHttpResponseCodec.java:133)
	at org.openqa.selenium.remote.codec.w3c.W3CHttpResponseCodec.decode(W3CHttpResponseCodec.java:52)
	at org.openqa.selenium.remote.HttpCommandExecutor.execute(HttpCommandExecutor.java:191)
	at org.openqa.selenium.remote.service.DriverCommandExecutor.invokeExecute(DriverCommandExecutor.java:200)
	at org.openqa.selenium.remote.service.DriverCommandExecutor.execute(DriverCommandExecutor.java:175)
	at org.openqa.selenium.remote.RemoteWebDriver.execute(RemoteWebDriver.java:523)
	at org.openqa.selenium.remote.ElementLocation$ElementFinder$2.findElement(ElementLocation.java:165)
	at org.openqa.selenium.remote.ElementLocation.findElement(ElementLocation.java:59)
	at org.openqa.selenium.remote.RemoteWebDriver.findElement(RemoteWebDriver.java:360)
	at org.openqa.selenium.remote.RemoteWebDriver.findElement(RemoteWebDriver.java:354)
	at org.openqa.selenium.support.pagefactory.DefaultElementLocator.findElement(DefaultElementLocator.java:68)
	at org.openqa.selenium.support.pagefactory.internal.LocatingElementHandler.invoke(LocatingElementHandler.java:38)
	at com.sun.proxy.$Proxy13.getText(Unknown Source)
	at selenium.utils.BrowserUtils.getText(BrowserUtils.java:45)
	at selenium.com.luma.pages.LumaLoginPage.validateSignInFunctionality(LumaLoginPage.java:34)
	at selenium.com.luma.tests.LumaTests.luma_tc_02(LumaTests.java:36)
	at java.base/java.util.ArrayList.forEach(ArrayList.java:1541)
	at com.intellij.rt.testng.IDEARemoteTestNG.run(IDEARemoteTestNG.java:66)
	at com.intellij.rt.testng.RemoteTestNGStarter.main(RemoteTestNGStarter.java:109)
... Removed 28 stack frames</div>
</td></tr>
</table>
<p class="totop"><a href="#summary">back to summary</a></p>
<h2 id="m2">selenium.com.luma.tests.LumaTests:luma_tc_02</h2>
<table cellspacing="0" cellpadding="0" class="result">
<tr class="param"><th>Parameter #1</th><th>Parameter #2</th></tr>
<tr class="param stripe"><td>  </td>
<td>rfdgsdfgfd</td>
</tr>
<tr><td colspan="2">
<div class="stacktrace">org.openqa.selenium.NoSuchElementException: no such element: Unable to locate element: {&quot;method&quot;:&quot;xpath&quot;,&quot;selector&quot;:&quot;//div[@data-ui-id=&apos;message-error&apos;]&quot;}
  (Session info: chrome=123.0.6312.124)
For documentation on this error, please visit: https://www.selenium.dev/documentation/webdriver/troubleshooting/errors#no-such-element-exception
Build info: version: &apos;4.16.1&apos;, revision: &apos;9b4c83354e&apos;
System info: os.name: &apos;Mac OS X&apos;, os.arch: &apos;x86_64&apos;, os.version: &apos;14.3&apos;, java.version: &apos;11.0.15&apos;
Driver info: org.openqa.selenium.chrome.ChromeDriver
Command: [00d9ab5011f2b7de7304a7834c6f9ef0, findElement {using=xpath, value=//div[@data-ui-id=&apos;message-error&apos;]}]
Capabilities {acceptInsecureCerts: false, browserName: chrome, browserVersion: 123.0.6312.124, chrome: {chromedriverVersion: 123.0.6312.122 (31f8248cdd9..., userDataDir: /var/folders/g_/0hyc3stx6kv...}, fedcm:accounts: true, goog:chromeOptions: {debuggerAddress: localhost:52318}, networkConnectionEnabled: false, pageLoadStrategy: normal, platformName: mac, proxy: Proxy(), se:cdp: ws://localhost:52318/devtoo..., se:cdpVersion: 123.0.6312.124, setWindowRect: true, strictFileInteractability: false, timeouts: {implicit: 0, pageLoad: 300000, script: 30000}, unhandledPromptBehavior: dismiss and notify, webauthn:extension:credBlob: true, webauthn:extension:largeBlob: true, webauthn:extension:minPinLength: true, webauthn:extension:prf: true, webauthn:virtualAuthenticators: true}
Session ID: 00d9ab5011f2b7de7304a7834c6f9ef0
	at org.openqa.selenium.remote.codec.w3c.W3CHttpResponseCodec.createException(W3CHttpResponseCodec.java:200)
	at org.openqa.selenium.remote.codec.w3c.W3CHttpResponseCodec.decode(W3CHttpResponseCodec.java:133)
	at org.openqa.selenium.remote.codec.w3c.W3CHttpResponseCodec.decode(W3CHttpResponseCodec.java:52)
	at org.openqa.selenium.remote.HttpCommandExecutor.execute(HttpCommandExecutor.java:191)
	at org.openqa.selenium.remote.service.DriverCommandExecutor.invokeExecute(DriverCommandExecutor.java:200)
	at org.openqa.selenium.remote.service.DriverCommandExecutor.execute(DriverCommandExecutor.java:175)
	at org.openqa.selenium.remote.RemoteWebDriver.execute(RemoteWebDriver.java:523)
	at org.openqa.selenium.remote.ElementLocation$ElementFinder$2.findElement(ElementLocation.java:165)
	at org.openqa.selenium.remote.ElementLocation.findElement(ElementLocation.java:59)
	at org.openqa.selenium.remote.RemoteWebDriver.findElement(RemoteWebDriver.java:360)
	at org.openqa.selenium.remote.RemoteWebDriver.findElement(RemoteWebDriver.java:354)
	at org.openqa.selenium.support.pagefactory.DefaultElementLocator.findElement(DefaultElementLocator.java:68)
	at org.openqa.selenium.support.pagefactory.internal.LocatingElementHandler.invoke(LocatingElementHandler.java:38)
	at com.sun.proxy.$Proxy13.getText(Unknown Source)
	at selenium.utils.BrowserUtils.getText(BrowserUtils.java:45)
	at selenium.com.luma.pages.LumaLoginPage.validateSignInFunctionality(LumaLoginPage.java:34)
	at selenium.com.luma.tests.LumaTests.luma_tc_02(LumaTests.java:36)
	at java.base/java.util.ArrayList.forEach(ArrayList.java:1541)
	at com.intellij.rt.testng.IDEARemoteTestNG.run(IDEARemoteTestNG.java:66)
	at com.intellij.rt.testng.RemoteTestNGStarter.main(RemoteTestNGStarter.java:109)
... Removed 28 stack frames</div>
</td></tr>
</table>
<p class="totop"><a href="#summary">back to summary</a></p>
<h2 id="m3">selenium.com.luma.tests.LumaTests:luma_tc_02</h2>
<table cellspacing="0" cellpadding="0" class="result">
<tr class="param"><th>Parameter #1</th><th>Parameter #2</th></tr>
<tr class="param stripe"><td>dsads@gmail.com</td>
<td>43214343</td>
</tr>
</table>
<p class="totop"><a href="#summary">back to summary</a></p>
<h2 id="m4">selenium.com.luma.tests.LumaTests:luma_tc_02</h2>
<table cellspacing="0" cellpadding="0" class="result">
<tr class="param"><th>Parameter #1</th><th>Parameter #2</th></tr>
<tr class="param stripe"><td>test@test.com</td>
<td>fasdfds</td>
</tr>
</table>
<p class="totop"><a href="#summary">back to summary</a></p>
<h2 id="m5">selenium.com.automation_exercise.tests.AutomationTests:AT_TC_02</h2>
<table cellspacing="0" cellpadding="0" class="result">
<tr class="param"><th>Parameter #1</th><th>Parameter #2</th><th>Parameter #3</th><th>Parameter #4</th></tr>
<tr class="param stripe"><td>Kobe</td>
<td>test@test.com</td>
<td>subject message test</td>
<td>Message body goes here</td>
</tr>
</table>
<p class="totop"><a href="#summary">back to summary</a></p>
<h2 id="m6">selenium.com.lambda.tests.LambdaScripts:LB_TC_01</h2>
<table cellspacing="0" cellpadding="0" class="result">
<tr class="param"><th>Parameter #1</th><th>Parameter #2</th></tr>
<tr class="param stripe"><td>KobeTest</td>
<td>Message_test</td>
</tr>
</table>
<p class="totop"><a href="#summary">back to summary</a></p>
<h2 id="m7">selenium.com.sauce_labs.tests.SauceLabTests:sauceLasDropdowns</h2>
<p class="totop"><a href="#summary">back to summary</a></p>
</body></html>
